<?xml version="1.0" encoding="UTF-8"?>
<!-- Generated by org.testng.reporters.JUnitReportReporter -->
<testsuite skipped="0" hostname="RajSingh" name="edu.university.pathwaycommons.PathwayCommons.pathwayCommonTest" tests="1" failures="0" timestamp="10 Jan 2018 20:33:51 GMT" time="0.026" errors="0">
  <testcase name="test" time="0.026" classname="edu.university.pathwaycommons.PathwayCommons.pathwayCommonTest"/>
</testsuite> <!-- edu.university.pathwaycommons.PathwayCommons.pathwayCommonTest -->
